D:\RESEARCH\報告\2010暑期訓練課程\TC2010_CH05\TC2010CH05_FORM02\CONTROLS\DEBUG\.NETFRAMEWORK,VERSION=V4.0.ASSEMBLYATTRIBUTES.OBJ
D:\RESEARCH\報告\2010暑期訓練課程\TC2010_CH05\TC2010CH05_FORM02\CONTROLS\DEBUG\APP.RES
D:\RESEARCH\報告\2010暑期訓練課程\TC2010_CH05\TC2010CH05_FORM02\CONTROLS\DEBUG\ASSEMBLYINFO.OBJ
D:\Research\報告\2010暑期訓練課程\TC2010_CH05\TC2010CH05_Form02\Controls\Debug\cl.command.1.tlog
D:\Research\報告\2010暑期訓練課程\TC2010_CH05\TC2010CH05_Form02\Controls\Debug\CL.read.1.tlog
D:\Research\報告\2010暑期訓練課程\TC2010_CH05\TC2010CH05_Form02\Controls\Debug\CL.write.1.tlog
D:\RESEARCH\報告\2010暑期訓練課程\TC2010_CH05\TC2010CH05_FORM02\CONTROLS\DEBUG\CONTROLS.FORM1.RESOURCES
D:\RESEARCH\報告\2010暑期訓練課程\TC2010_CH05\TC2010CH05_FORM02\CONTROLS\DEBUG\CONTROLS.OBJ
D:\RESEARCH\報告\2010暑期訓練課程\TC2010_CH05\TC2010CH05_FORM02\CONTROLS\DEBUG\CONTROLS-TEXTBOX.EXE.INTERMEDIATE.MANIFEST
D:\RESEARCH\報告\2010暑期訓練課程\TC2010_CH05\TC2010CH05_FORM02\CONTROLS\DEBUG\CONTROLS-TEXTBOX.PCH
D:\Research\報告\2010暑期訓練課程\TC2010_CH05\TC2010CH05_Form02\Controls\Debug\Controls-TextBox.write.1.tlog
D:\Research\報告\2010暑期訓練課程\TC2010_CH05\TC2010CH05_Form02\Controls\Debug\GenerateResource.read.140.tlog
D:\Research\報告\2010暑期訓練課程\TC2010_CH05\TC2010CH05_Form02\Controls\Debug\GenerateResource.write.140.tlog
D:\Research\報告\2010暑期訓練課程\TC2010_CH05\TC2010CH05_Form02\Controls\Debug\link.6124.read.1.tlog
D:\Research\報告\2010暑期訓練課程\TC2010_CH05\TC2010CH05_Form02\Controls\Debug\link.6124.write.1.tlog
D:\Research\報告\2010暑期訓練課程\TC2010_CH05\TC2010CH05_Form02\Controls\Debug\link.6124-cvtres.read.1.tlog
D:\Research\報告\2010暑期訓練課程\TC2010_CH05\TC2010CH05_Form02\Controls\Debug\link.6124-cvtres.write.1.tlog
D:\Research\報告\2010暑期訓練課程\TC2010_CH05\TC2010CH05_Form02\Controls\Debug\link.command.1.tlog
D:\Research\報告\2010暑期訓練課程\TC2010_CH05\TC2010CH05_Form02\Controls\Debug\link.read.1.tlog
D:\Research\報告\2010暑期訓練課程\TC2010_CH05\TC2010CH05_Form02\Controls\Debug\link.write.1.tlog
D:\Research\報告\2010暑期訓練課程\TC2010_CH05\TC2010CH05_Form02\Controls\Debug\mt.command.1.tlog
D:\Research\報告\2010暑期訓練課程\TC2010_CH05\TC2010CH05_Form02\Controls\Debug\mt.read.1.tlog
D:\Research\報告\2010暑期訓練課程\TC2010_CH05\TC2010CH05_Form02\Controls\Debug\mt.write.1.tlog
D:\Research\報告\2010暑期訓練課程\TC2010_CH05\TC2010CH05_Form02\Controls\Debug\rc.command.1.tlog
D:\Research\報告\2010暑期訓練課程\TC2010_CH05\TC2010CH05_Form02\Controls\Debug\rc.read.1.tlog
D:\Research\報告\2010暑期訓練課程\TC2010_CH05\TC2010CH05_Form02\Controls\Debug\rc.write.1.tlog
D:\RESEARCH\報告\2010暑期訓練課程\TC2010_CH05\TC2010CH05_FORM02\CONTROLS\DEBUG\STDAFX.OBJ
D:\RESEARCH\報告\2010暑期訓練課程\TC2010_CH05\TC2010CH05_FORM02\CONTROLS\DEBUG\VC100.PDB
D:\RESEARCH\報告\2010暑期訓練課程\TC2010_CH05\TC2010CH05_FORM02\DEBUG\CONTROLS-TEXTBOX.EXE
D:\RESEARCH\報告\2010暑期訓練課程\TC2010_CH05\TC2010CH05_FORM02\DEBUG\CONTROLS-TEXTBOX.ILK
D:\RESEARCH\報告\2010暑期訓練課程\TC2010_CH05\TC2010CH05_FORM02\DEBUG\CONTROLS-TEXTBOX.PDB
