D:\RESEARCH\報告\2010暑期訓練課程\TC2010_CH04\TC2010CH04_FORM01\DEBUG\02_NATIVEHELLOWORLD.EXE
D:\RESEARCH\報告\2010暑期訓練課程\TC2010_CH04\TC2010CH04_FORM01\DEBUG\02_NATIVEHELLOWORLD.ILK
D:\RESEARCH\報告\2010暑期訓練課程\TC2010_CH04\TC2010CH04_FORM01\DEBUG\02_NATIVEHELLOWORLD.PDB
D:\RESEARCH\報告\2010暑期訓練課程\TC2010_CH04\TC2010CH04_FORM01\NATIVEHELLOWORLD\DEBUG\02_NATIVEHELLOWORLD.EXE.EMBED.MANIFEST
D:\RESEARCH\報告\2010暑期訓練課程\TC2010_CH04\TC2010CH04_FORM01\NATIVEHELLOWORLD\DEBUG\02_NATIVEHELLOWORLD.EXE.EMBED.MANIFEST.RES
D:\RESEARCH\報告\2010暑期訓練課程\TC2010_CH04\TC2010CH04_FORM01\NATIVEHELLOWORLD\DEBUG\02_NATIVEHELLOWORLD.EXE.INTERMEDIATE.MANIFEST
D:\RESEARCH\報告\2010暑期訓練課程\TC2010_CH04\TC2010CH04_FORM01\NATIVEHELLOWORLD\DEBUG\02_NATIVEHELLOWORLD.PCH
D:\Research\報告\2010暑期訓練課程\TC2010_CH04\TC2010CH04_Form01\NativeHelloWorld\Debug\02_NativeHelloWorld_manifest.rc
D:\Research\報告\2010暑期訓練課程\TC2010_CH04\TC2010CH04_Form01\NativeHelloWorld\Debug\cl.command.1.tlog
D:\Research\報告\2010暑期訓練課程\TC2010_CH04\TC2010CH04_Form01\NativeHelloWorld\Debug\CL.read.1.tlog
D:\Research\報告\2010暑期訓練課程\TC2010_CH04\TC2010CH04_Form01\NativeHelloWorld\Debug\CL.write.1.tlog
D:\Research\報告\2010暑期訓練課程\TC2010_CH04\TC2010CH04_Form01\NativeHelloWorld\Debug\link.3808.read.1.tlog
D:\Research\報告\2010暑期訓練課程\TC2010_CH04\TC2010CH04_Form01\NativeHelloWorld\Debug\link.3808.write.1.tlog
D:\Research\報告\2010暑期訓練課程\TC2010_CH04\TC2010CH04_Form01\NativeHelloWorld\Debug\link.3808-cvtres.read.1.tlog
D:\Research\報告\2010暑期訓練課程\TC2010_CH04\TC2010CH04_Form01\NativeHelloWorld\Debug\link.3808-cvtres.write.1.tlog
D:\Research\報告\2010暑期訓練課程\TC2010_CH04\TC2010CH04_Form01\NativeHelloWorld\Debug\link.command.1.tlog
D:\Research\報告\2010暑期訓練課程\TC2010_CH04\TC2010CH04_Form01\NativeHelloWorld\Debug\link.read.1.tlog
D:\Research\報告\2010暑期訓練課程\TC2010_CH04\TC2010CH04_Form01\NativeHelloWorld\Debug\link.write.1.tlog
D:\Research\報告\2010暑期訓練課程\TC2010_CH04\TC2010CH04_Form01\NativeHelloWorld\Debug\link-cvtres.read.1.tlog
D:\Research\報告\2010暑期訓練課程\TC2010_CH04\TC2010CH04_Form01\NativeHelloWorld\Debug\link-cvtres.write.1.tlog
D:\Research\報告\2010暑期訓練課程\TC2010_CH04\TC2010CH04_Form01\NativeHelloWorld\Debug\mt.command.1.tlog
D:\Research\報告\2010暑期訓練課程\TC2010_CH04\TC2010CH04_Form01\NativeHelloWorld\Debug\mt.read.1.tlog
D:\Research\報告\2010暑期訓練課程\TC2010_CH04\TC2010CH04_Form01\NativeHelloWorld\Debug\mt.write.1.tlog
D:\RESEARCH\報告\2010暑期訓練課程\TC2010_CH04\TC2010CH04_FORM01\NATIVEHELLOWORLD\DEBUG\NATIVEHELLOWORLD.OBJ
D:\Research\報告\2010暑期訓練課程\TC2010_CH04\TC2010CH04_Form01\NativeHelloWorld\Debug\rc.command.1.tlog
D:\Research\報告\2010暑期訓練課程\TC2010_CH04\TC2010CH04_Form01\NativeHelloWorld\Debug\rc.read.1.tlog
D:\Research\報告\2010暑期訓練課程\TC2010_CH04\TC2010CH04_Form01\NativeHelloWorld\Debug\rc.write.1.tlog
D:\RESEARCH\報告\2010暑期訓練課程\TC2010_CH04\TC2010CH04_FORM01\NATIVEHELLOWORLD\DEBUG\STDAFX.OBJ
D:\Research\報告\2010暑期訓練課程\TC2010_CH04\TC2010CH04_Form01\NativeHelloWorld\Debug\vc100.idb
D:\RESEARCH\報告\2010暑期訓練課程\TC2010_CH04\TC2010CH04_FORM01\NATIVEHELLOWORLD\DEBUG\VC100.PDB
