C:\USERS\SAMMY\DESKTOP\TC2010CH04_FORM01\DEBUG\NATIVEHELLOWORLD.EXE
C:\USERS\SAMMY\DESKTOP\TC2010CH04_FORM01\DEBUG\NATIVEHELLOWORLD.ILK
C:\USERS\SAMMY\DESKTOP\TC2010CH04_FORM01\DEBUG\NATIVEHELLOWORLD.PDB
C:\Users\Sammy\Desktop\TC2010CH04_Form01\NativeHelloWorld\Debug\cl.command.1.tlog
C:\Users\Sammy\Desktop\TC2010CH04_Form01\NativeHelloWorld\Debug\CL.read.1.tlog
C:\Users\Sammy\Desktop\TC2010CH04_Form01\NativeHelloWorld\Debug\CL.write.1.tlog
C:\Users\Sammy\Desktop\TC2010CH04_Form01\NativeHelloWorld\Debug\link.6548.read.1.tlog
C:\Users\Sammy\Desktop\TC2010CH04_Form01\NativeHelloWorld\Debug\link.6548.write.1.tlog
C:\Users\Sammy\Desktop\TC2010CH04_Form01\NativeHelloWorld\Debug\link.6548-cvtres.read.1.tlog
C:\Users\Sammy\Desktop\TC2010CH04_Form01\NativeHelloWorld\Debug\link.6548-cvtres.write.1.tlog
C:\Users\Sammy\Desktop\TC2010CH04_Form01\NativeHelloWorld\Debug\link.command.1.tlog
C:\Users\Sammy\Desktop\TC2010CH04_Form01\NativeHelloWorld\Debug\link.read.1.tlog
C:\Users\Sammy\Desktop\TC2010CH04_Form01\NativeHelloWorld\Debug\link.write.1.tlog
C:\Users\Sammy\Desktop\TC2010CH04_Form01\NativeHelloWorld\Debug\link-cvtres.read.1.tlog
C:\Users\Sammy\Desktop\TC2010CH04_Form01\NativeHelloWorld\Debug\link-cvtres.write.1.tlog
C:\Users\Sammy\Desktop\TC2010CH04_Form01\NativeHelloWorld\Debug\mt.command.1.tlog
C:\Users\Sammy\Desktop\TC2010CH04_Form01\NativeHelloWorld\Debug\mt.read.1.tlog
C:\Users\Sammy\Desktop\TC2010CH04_Form01\NativeHelloWorld\Debug\mt.write.1.tlog
C:\USERS\SAMMY\DESKTOP\TC2010CH04_FORM01\NATIVEHELLOWORLD\DEBUG\NATIVEHELLOWORLD.EXE.EMBED.MANIFEST
C:\USERS\SAMMY\DESKTOP\TC2010CH04_FORM01\NATIVEHELLOWORLD\DEBUG\NATIVEHELLOWORLD.EXE.EMBED.MANIFEST.RES
C:\USERS\SAMMY\DESKTOP\TC2010CH04_FORM01\NATIVEHELLOWORLD\DEBUG\NATIVEHELLOWORLD.EXE.INTERMEDIATE.MANIFEST
C:\USERS\SAMMY\DESKTOP\TC2010CH04_FORM01\NATIVEHELLOWORLD\DEBUG\NATIVEHELLOWORLD.OBJ
C:\USERS\SAMMY\DESKTOP\TC2010CH04_FORM01\NATIVEHELLOWORLD\DEBUG\NATIVEHELLOWORLD.PCH
C:\Users\Sammy\Desktop\TC2010CH04_Form01\NativeHelloWorld\Debug\NativeHelloWorld_manifest.rc
C:\Users\Sammy\Desktop\TC2010CH04_Form01\NativeHelloWorld\Debug\rc.command.1.tlog
C:\Users\Sammy\Desktop\TC2010CH04_Form01\NativeHelloWorld\Debug\rc.read.1.tlog
C:\Users\Sammy\Desktop\TC2010CH04_Form01\NativeHelloWorld\Debug\rc.write.1.tlog
C:\USERS\SAMMY\DESKTOP\TC2010CH04_FORM01\NATIVEHELLOWORLD\DEBUG\STDAFX.OBJ
C:\Users\Sammy\Desktop\TC2010CH04_Form01\NativeHelloWorld\Debug\vc100.idb
C:\USERS\SAMMY\DESKTOP\TC2010CH04_FORM01\NATIVEHELLOWORLD\DEBUG\VC100.PDB
