D:\RESEARCH\報告\2010暑期訓練課程\TC2010_CH05\TC2010CH05_FORM02\COMBOLIST\DEBUG\.NETFRAMEWORK,VERSION=V4.0.ASSEMBLYATTRIBUTES.OBJ
D:\RESEARCH\報告\2010暑期訓練課程\TC2010_CH05\TC2010CH05_FORM02\COMBOLIST\DEBUG\APP.RES
D:\RESEARCH\報告\2010暑期訓練課程\TC2010_CH05\TC2010CH05_FORM02\COMBOLIST\DEBUG\ASSEMBLYINFO.OBJ
D:\Research\報告\2010暑期訓練課程\TC2010_CH05\TC2010CH05_Form02\ComboList\Debug\cl.command.1.tlog
D:\Research\報告\2010暑期訓練課程\TC2010_CH05\TC2010CH05_Form02\ComboList\Debug\CL.read.1.tlog
D:\Research\報告\2010暑期訓練課程\TC2010_CH05\TC2010CH05_Form02\ComboList\Debug\CL.write.1.tlog
D:\RESEARCH\報告\2010暑期訓練課程\TC2010_CH05\TC2010CH05_FORM02\COMBOLIST\DEBUG\COMBOLIST.FORM1.RESOURCES
D:\RESEARCH\報告\2010暑期訓練課程\TC2010_CH05\TC2010CH05_FORM02\COMBOLIST\DEBUG\COMBOLIST.OBJ
D:\RESEARCH\報告\2010暑期訓練課程\TC2010_CH05\TC2010CH05_FORM02\COMBOLIST\DEBUG\CONTROLS-COMBOLIST.EXE.INTERMEDIATE.MANIFEST
D:\RESEARCH\報告\2010暑期訓練課程\TC2010_CH05\TC2010CH05_FORM02\COMBOLIST\DEBUG\CONTROLS-COMBOLIST.PCH
D:\Research\報告\2010暑期訓練課程\TC2010_CH05\TC2010CH05_Form02\ComboList\Debug\Controls-ComboList.write.1.tlog
D:\Research\報告\2010暑期訓練課程\TC2010_CH05\TC2010CH05_Form02\ComboList\Debug\GenerateResource.read.162.tlog
D:\Research\報告\2010暑期訓練課程\TC2010_CH05\TC2010CH05_Form02\ComboList\Debug\GenerateResource.write.162.tlog
D:\Research\報告\2010暑期訓練課程\TC2010_CH05\TC2010CH05_Form02\ComboList\Debug\link.7044.read.1.tlog
D:\Research\報告\2010暑期訓練課程\TC2010_CH05\TC2010CH05_Form02\ComboList\Debug\link.7044.write.1.tlog
D:\Research\報告\2010暑期訓練課程\TC2010_CH05\TC2010CH05_Form02\ComboList\Debug\link.7044-cvtres.read.1.tlog
D:\Research\報告\2010暑期訓練課程\TC2010_CH05\TC2010CH05_Form02\ComboList\Debug\link.7044-cvtres.write.1.tlog
D:\Research\報告\2010暑期訓練課程\TC2010_CH05\TC2010CH05_Form02\ComboList\Debug\link.command.1.tlog
D:\Research\報告\2010暑期訓練課程\TC2010_CH05\TC2010CH05_Form02\ComboList\Debug\link.read.1.tlog
D:\Research\報告\2010暑期訓練課程\TC2010_CH05\TC2010CH05_Form02\ComboList\Debug\link.write.1.tlog
D:\Research\報告\2010暑期訓練課程\TC2010_CH05\TC2010CH05_Form02\ComboList\Debug\mt.command.1.tlog
D:\Research\報告\2010暑期訓練課程\TC2010_CH05\TC2010CH05_Form02\ComboList\Debug\mt.read.1.tlog
D:\Research\報告\2010暑期訓練課程\TC2010_CH05\TC2010CH05_Form02\ComboList\Debug\mt.write.1.tlog
D:\Research\報告\2010暑期訓練課程\TC2010_CH05\TC2010CH05_Form02\ComboList\Debug\rc.command.1.tlog
D:\Research\報告\2010暑期訓練課程\TC2010_CH05\TC2010CH05_Form02\ComboList\Debug\rc.read.1.tlog
D:\Research\報告\2010暑期訓練課程\TC2010_CH05\TC2010CH05_Form02\ComboList\Debug\rc.write.1.tlog
D:\RESEARCH\報告\2010暑期訓練課程\TC2010_CH05\TC2010CH05_FORM02\COMBOLIST\DEBUG\STDAFX.OBJ
D:\RESEARCH\報告\2010暑期訓練課程\TC2010_CH05\TC2010CH05_FORM02\COMBOLIST\DEBUG\VC100.PDB
D:\RESEARCH\報告\2010暑期訓練課程\TC2010_CH05\TC2010CH05_FORM02\DEBUG\CONTROLS-COMBOLIST.EXE
D:\RESEARCH\報告\2010暑期訓練課程\TC2010_CH05\TC2010CH05_FORM02\DEBUG\CONTROLS-COMBOLIST.ILK
D:\RESEARCH\報告\2010暑期訓練課程\TC2010_CH05\TC2010CH05_FORM02\DEBUG\CONTROLS-COMBOLIST.PDB
