D:\RESEARCH\報告\2010暑期訓練課程\TC2010_CH04\TC2010CH04_FORM01\DEBUG\HOMEWORK.EXE
D:\RESEARCH\報告\2010暑期訓練課程\TC2010_CH04\TC2010CH04_FORM01\DEBUG\HOMEWORK.ILK
D:\RESEARCH\報告\2010暑期訓練課程\TC2010_CH04\TC2010CH04_FORM01\DEBUG\HOMEWORK.PDB
D:\RESEARCH\報告\2010暑期訓練課程\TC2010_CH04\TC2010CH04_FORM01\HOMEWORK\DEBUG\.NETFRAMEWORK,VERSION=V4.0.ASSEMBLYATTRIBUTES.OBJ
D:\RESEARCH\報告\2010暑期訓練課程\TC2010_CH04\TC2010CH04_FORM01\HOMEWORK\DEBUG\APP.RES
D:\RESEARCH\報告\2010暑期訓練課程\TC2010_CH04\TC2010CH04_FORM01\HOMEWORK\DEBUG\ASSEMBLYINFO.OBJ
D:\Research\報告\2010暑期訓練課程\TC2010_CH04\TC2010CH04_Form01\Homework\Debug\cl.command.1.tlog
D:\Research\報告\2010暑期訓練課程\TC2010_CH04\TC2010CH04_Form01\Homework\Debug\CL.read.1.tlog
D:\Research\報告\2010暑期訓練課程\TC2010_CH04\TC2010CH04_Form01\Homework\Debug\CL.write.1.tlog
D:\Research\報告\2010暑期訓練課程\TC2010_CH04\TC2010CH04_Form01\Homework\Debug\GenerateResource.read.67.tlog
D:\Research\報告\2010暑期訓練課程\TC2010_CH04\TC2010CH04_Form01\Homework\Debug\GenerateResource.write.67.tlog
D:\RESEARCH\報告\2010暑期訓練課程\TC2010_CH04\TC2010CH04_FORM01\HOMEWORK\DEBUG\HOMEWORK.EXE.INTERMEDIATE.MANIFEST
D:\RESEARCH\報告\2010暑期訓練課程\TC2010_CH04\TC2010CH04_FORM01\HOMEWORK\DEBUG\HOMEWORK.FORM1.RESOURCES
D:\RESEARCH\報告\2010暑期訓練課程\TC2010_CH04\TC2010CH04_FORM01\HOMEWORK\DEBUG\HOMEWORK.OBJ
D:\RESEARCH\報告\2010暑期訓練課程\TC2010_CH04\TC2010CH04_FORM01\HOMEWORK\DEBUG\HOMEWORK.PCH
D:\Research\報告\2010暑期訓練課程\TC2010_CH04\TC2010CH04_Form01\Homework\Debug\Homework.write.1.tlog
D:\Research\報告\2010暑期訓練課程\TC2010_CH04\TC2010CH04_Form01\Homework\Debug\link.4940.read.1.tlog
D:\Research\報告\2010暑期訓練課程\TC2010_CH04\TC2010CH04_Form01\Homework\Debug\link.4940.write.1.tlog
D:\Research\報告\2010暑期訓練課程\TC2010_CH04\TC2010CH04_Form01\Homework\Debug\link.4940-cvtres.read.1.tlog
D:\Research\報告\2010暑期訓練課程\TC2010_CH04\TC2010CH04_Form01\Homework\Debug\link.4940-cvtres.write.1.tlog
D:\Research\報告\2010暑期訓練課程\TC2010_CH04\TC2010CH04_Form01\Homework\Debug\link.command.1.tlog
D:\Research\報告\2010暑期訓練課程\TC2010_CH04\TC2010CH04_Form01\Homework\Debug\link.read.1.tlog
D:\Research\報告\2010暑期訓練課程\TC2010_CH04\TC2010CH04_Form01\Homework\Debug\link.write.1.tlog
D:\Research\報告\2010暑期訓練課程\TC2010_CH04\TC2010CH04_Form01\Homework\Debug\mt.command.1.tlog
D:\Research\報告\2010暑期訓練課程\TC2010_CH04\TC2010CH04_Form01\Homework\Debug\mt.read.1.tlog
D:\Research\報告\2010暑期訓練課程\TC2010_CH04\TC2010CH04_Form01\Homework\Debug\mt.write.1.tlog
D:\Research\報告\2010暑期訓練課程\TC2010_CH04\TC2010CH04_Form01\Homework\Debug\rc.command.1.tlog
D:\Research\報告\2010暑期訓練課程\TC2010_CH04\TC2010CH04_Form01\Homework\Debug\rc.read.1.tlog
D:\Research\報告\2010暑期訓練課程\TC2010_CH04\TC2010CH04_Form01\Homework\Debug\rc.write.1.tlog
D:\RESEARCH\報告\2010暑期訓練課程\TC2010_CH04\TC2010CH04_FORM01\HOMEWORK\DEBUG\STDAFX.OBJ
D:\RESEARCH\報告\2010暑期訓練課程\TC2010_CH04\TC2010CH04_FORM01\HOMEWORK\DEBUG\VC100.PDB
