D:\RESEARCH\報告\2010暑期訓練課程\TC2010_CH05\TC2010CH05_FORM02\CONTROLS-TOOLTIP\DEBUG\.NETFRAMEWORK,VERSION=V4.0.ASSEMBLYATTRIBUTES.OBJ
D:\RESEARCH\報告\2010暑期訓練課程\TC2010_CH05\TC2010CH05_FORM02\CONTROLS-TOOLTIP\DEBUG\APP.RES
D:\RESEARCH\報告\2010暑期訓練課程\TC2010_CH05\TC2010CH05_FORM02\CONTROLS-TOOLTIP\DEBUG\ASSEMBLYINFO.OBJ
D:\Research\報告\2010暑期訓練課程\TC2010_CH05\TC2010CH05_Form02\Controls-ToolTip\Debug\cl.command.1.tlog
D:\Research\報告\2010暑期訓練課程\TC2010_CH05\TC2010CH05_Form02\Controls-ToolTip\Debug\CL.read.1.tlog
D:\Research\報告\2010暑期訓練課程\TC2010_CH05\TC2010CH05_Form02\Controls-ToolTip\Debug\CL.write.1.tlog
D:\RESEARCH\報告\2010暑期訓練課程\TC2010_CH05\TC2010CH05_FORM02\CONTROLS-TOOLTIP\DEBUG\CONTROLS-TOOLTIP.EXE.INTERMEDIATE.MANIFEST
D:\RESEARCH\報告\2010暑期訓練課程\TC2010_CH05\TC2010CH05_FORM02\CONTROLS-TOOLTIP\DEBUG\CONTROLSTOOLTIP.FORM1.RESOURCES
D:\RESEARCH\報告\2010暑期訓練課程\TC2010_CH05\TC2010CH05_FORM02\CONTROLS-TOOLTIP\DEBUG\CONTROLS-TOOLTIP.OBJ
D:\RESEARCH\報告\2010暑期訓練課程\TC2010_CH05\TC2010CH05_FORM02\CONTROLS-TOOLTIP\DEBUG\CONTROLS-TOOLTIP.PCH
D:\Research\報告\2010暑期訓練課程\TC2010_CH05\TC2010CH05_Form02\Controls-ToolTip\Debug\Controls-ToolTip.write.1.tlog
D:\Research\報告\2010暑期訓練課程\TC2010_CH05\TC2010CH05_Form02\Controls-ToolTip\Debug\GenerateResource.read.138.tlog
D:\Research\報告\2010暑期訓練課程\TC2010_CH05\TC2010CH05_Form02\Controls-ToolTip\Debug\GenerateResource.write.138.tlog
D:\Research\報告\2010暑期訓練課程\TC2010_CH05\TC2010CH05_Form02\Controls-ToolTip\Debug\link.7124.read.1.tlog
D:\Research\報告\2010暑期訓練課程\TC2010_CH05\TC2010CH05_Form02\Controls-ToolTip\Debug\link.7124.write.1.tlog
D:\Research\報告\2010暑期訓練課程\TC2010_CH05\TC2010CH05_Form02\Controls-ToolTip\Debug\link.7124-cvtres.read.1.tlog
D:\Research\報告\2010暑期訓練課程\TC2010_CH05\TC2010CH05_Form02\Controls-ToolTip\Debug\link.7124-cvtres.write.1.tlog
D:\Research\報告\2010暑期訓練課程\TC2010_CH05\TC2010CH05_Form02\Controls-ToolTip\Debug\link.command.1.tlog
D:\Research\報告\2010暑期訓練課程\TC2010_CH05\TC2010CH05_Form02\Controls-ToolTip\Debug\link.read.1.tlog
D:\Research\報告\2010暑期訓練課程\TC2010_CH05\TC2010CH05_Form02\Controls-ToolTip\Debug\link.write.1.tlog
D:\Research\報告\2010暑期訓練課程\TC2010_CH05\TC2010CH05_Form02\Controls-ToolTip\Debug\mt.command.1.tlog
D:\Research\報告\2010暑期訓練課程\TC2010_CH05\TC2010CH05_Form02\Controls-ToolTip\Debug\mt.read.1.tlog
D:\Research\報告\2010暑期訓練課程\TC2010_CH05\TC2010CH05_Form02\Controls-ToolTip\Debug\mt.write.1.tlog
D:\Research\報告\2010暑期訓練課程\TC2010_CH05\TC2010CH05_Form02\Controls-ToolTip\Debug\rc.command.1.tlog
D:\Research\報告\2010暑期訓練課程\TC2010_CH05\TC2010CH05_Form02\Controls-ToolTip\Debug\rc.read.1.tlog
D:\Research\報告\2010暑期訓練課程\TC2010_CH05\TC2010CH05_Form02\Controls-ToolTip\Debug\rc.write.1.tlog
D:\RESEARCH\報告\2010暑期訓練課程\TC2010_CH05\TC2010CH05_FORM02\CONTROLS-TOOLTIP\DEBUG\STDAFX.OBJ
D:\RESEARCH\報告\2010暑期訓練課程\TC2010_CH05\TC2010CH05_FORM02\CONTROLS-TOOLTIP\DEBUG\VC100.PDB
D:\RESEARCH\報告\2010暑期訓練課程\TC2010_CH05\TC2010CH05_FORM02\DEBUG\CONTROLS-TOOLTIP.EXE
D:\RESEARCH\報告\2010暑期訓練課程\TC2010_CH05\TC2010CH05_FORM02\DEBUG\CONTROLS-TOOLTIP.ILK
D:\RESEARCH\報告\2010暑期訓練課程\TC2010_CH05\TC2010CH05_FORM02\DEBUG\CONTROLS-TOOLTIP.PDB
