D:\RESEARCH\報告\2010暑期訓練課程\TC2010_CH04\TC2010CH04_FORM01\03_INTRODUCTION2CLR\DEBUG\.NETFRAMEWORK,VERSION=V4.0.ASSEMBLYATTRIBUTES.OBJ
D:\RESEARCH\報告\2010暑期訓練課程\TC2010_CH04\TC2010CH04_FORM01\03_INTRODUCTION2CLR\DEBUG\03_INTRODUCTION2CLR.EXE.INTERMEDIATE.MANIFEST
D:\RESEARCH\報告\2010暑期訓練課程\TC2010_CH04\TC2010CH04_FORM01\03_INTRODUCTION2CLR\DEBUG\03_INTRODUCTION2CLR.PCH
D:\Research\報告\2010暑期訓練課程\TC2010_CH04\TC2010CH04_Form01\03_Introduction2CLR\Debug\03_Introduction2CLR.write.1.tlog
D:\RESEARCH\報告\2010暑期訓練課程\TC2010_CH04\TC2010CH04_FORM01\03_INTRODUCTION2CLR\DEBUG\APP.RES
D:\RESEARCH\報告\2010暑期訓練課程\TC2010_CH04\TC2010CH04_FORM01\03_INTRODUCTION2CLR\DEBUG\ASSEMBLYINFO.OBJ
D:\Research\報告\2010暑期訓練課程\TC2010_CH04\TC2010CH04_Form01\03_Introduction2CLR\Debug\cl.command.1.tlog
D:\Research\報告\2010暑期訓練課程\TC2010_CH04\TC2010CH04_Form01\03_Introduction2CLR\Debug\CL.read.1.tlog
D:\Research\報告\2010暑期訓練課程\TC2010_CH04\TC2010CH04_Form01\03_Introduction2CLR\Debug\CL.write.1.tlog
D:\RESEARCH\報告\2010暑期訓練課程\TC2010_CH04\TC2010CH04_FORM01\03_INTRODUCTION2CLR\DEBUG\INTRODUCTION2CLR.OBJ
D:\Research\報告\2010暑期訓練課程\TC2010_CH04\TC2010CH04_Form01\03_Introduction2CLR\Debug\link.968.read.1.tlog
D:\Research\報告\2010暑期訓練課程\TC2010_CH04\TC2010CH04_Form01\03_Introduction2CLR\Debug\link.968.write.1.tlog
D:\Research\報告\2010暑期訓練課程\TC2010_CH04\TC2010CH04_Form01\03_Introduction2CLR\Debug\link.968-cvtres.read.1.tlog
D:\Research\報告\2010暑期訓練課程\TC2010_CH04\TC2010CH04_Form01\03_Introduction2CLR\Debug\link.968-cvtres.write.1.tlog
D:\Research\報告\2010暑期訓練課程\TC2010_CH04\TC2010CH04_Form01\03_Introduction2CLR\Debug\link.command.1.tlog
D:\Research\報告\2010暑期訓練課程\TC2010_CH04\TC2010CH04_Form01\03_Introduction2CLR\Debug\link.read.1.tlog
D:\Research\報告\2010暑期訓練課程\TC2010_CH04\TC2010CH04_Form01\03_Introduction2CLR\Debug\link.write.1.tlog
D:\Research\報告\2010暑期訓練課程\TC2010_CH04\TC2010CH04_Form01\03_Introduction2CLR\Debug\mt.command.1.tlog
D:\Research\報告\2010暑期訓練課程\TC2010_CH04\TC2010CH04_Form01\03_Introduction2CLR\Debug\mt.read.1.tlog
D:\Research\報告\2010暑期訓練課程\TC2010_CH04\TC2010CH04_Form01\03_Introduction2CLR\Debug\mt.write.1.tlog
D:\Research\報告\2010暑期訓練課程\TC2010_CH04\TC2010CH04_Form01\03_Introduction2CLR\Debug\rc.command.1.tlog
D:\Research\報告\2010暑期訓練課程\TC2010_CH04\TC2010CH04_Form01\03_Introduction2CLR\Debug\rc.read.1.tlog
D:\Research\報告\2010暑期訓練課程\TC2010_CH04\TC2010CH04_Form01\03_Introduction2CLR\Debug\rc.write.1.tlog
D:\RESEARCH\報告\2010暑期訓練課程\TC2010_CH04\TC2010CH04_FORM01\03_INTRODUCTION2CLR\DEBUG\STDAFX.OBJ
D:\RESEARCH\報告\2010暑期訓練課程\TC2010_CH04\TC2010CH04_FORM01\03_INTRODUCTION2CLR\DEBUG\VC100.PDB
D:\RESEARCH\報告\2010暑期訓練課程\TC2010_CH04\TC2010CH04_FORM01\DEBUG\03_INTRODUCTION2CLR.EXE
D:\RESEARCH\報告\2010暑期訓練課程\TC2010_CH04\TC2010CH04_FORM01\DEBUG\03_INTRODUCTION2CLR.ILK
D:\RESEARCH\報告\2010暑期訓練課程\TC2010_CH04\TC2010CH04_FORM01\DEBUG\03_INTRODUCTION2CLR.PDB
