D:\RESEARCH\報告\2010暑期訓練課程\TC2010_CH05\TC2010CH05_FORM02\CONTROLS-RADIOCHECK\DEBUG\.NETFRAMEWORK,VERSION=V4.0.ASSEMBLYATTRIBUTES.OBJ
D:\RESEARCH\報告\2010暑期訓練課程\TC2010_CH05\TC2010CH05_FORM02\CONTROLS-RADIOCHECK\DEBUG\APP.RES
D:\RESEARCH\報告\2010暑期訓練課程\TC2010_CH05\TC2010CH05_FORM02\CONTROLS-RADIOCHECK\DEBUG\ASSEMBLYINFO.OBJ
D:\Research\報告\2010暑期訓練課程\TC2010_CH05\TC2010CH05_Form02\Controls-RadioCheck\Debug\cl.command.1.tlog
D:\Research\報告\2010暑期訓練課程\TC2010_CH05\TC2010CH05_Form02\Controls-RadioCheck\Debug\CL.read.1.tlog
D:\Research\報告\2010暑期訓練課程\TC2010_CH05\TC2010CH05_Form02\Controls-RadioCheck\Debug\CL.write.1.tlog
D:\RESEARCH\報告\2010暑期訓練課程\TC2010_CH05\TC2010CH05_FORM02\CONTROLS-RADIOCHECK\DEBUG\CONTROLS-RADIOCHECK.EXE.INTERMEDIATE.MANIFEST
D:\RESEARCH\報告\2010暑期訓練課程\TC2010_CH05\TC2010CH05_FORM02\CONTROLS-RADIOCHECK\DEBUG\CONTROLSRADIOCHECK.FORM1.RESOURCES
D:\RESEARCH\報告\2010暑期訓練課程\TC2010_CH05\TC2010CH05_FORM02\CONTROLS-RADIOCHECK\DEBUG\CONTROLS-RADIOCHECK.OBJ
D:\RESEARCH\報告\2010暑期訓練課程\TC2010_CH05\TC2010CH05_FORM02\CONTROLS-RADIOCHECK\DEBUG\CONTROLS-RADIOCHECK.PCH
D:\Research\報告\2010暑期訓練課程\TC2010_CH05\TC2010CH05_Form02\Controls-RadioCheck\Debug\Controls-RadioCheck.write.1.tlog
D:\Research\報告\2010暑期訓練課程\TC2010_CH05\TC2010CH05_Form02\Controls-RadioCheck\Debug\GenerateResource.read.138.tlog
D:\Research\報告\2010暑期訓練課程\TC2010_CH05\TC2010CH05_Form02\Controls-RadioCheck\Debug\GenerateResource.write.138.tlog
D:\Research\報告\2010暑期訓練課程\TC2010_CH05\TC2010CH05_Form02\Controls-RadioCheck\Debug\link.3796.read.1.tlog
D:\Research\報告\2010暑期訓練課程\TC2010_CH05\TC2010CH05_Form02\Controls-RadioCheck\Debug\link.3796.write.1.tlog
D:\Research\報告\2010暑期訓練課程\TC2010_CH05\TC2010CH05_Form02\Controls-RadioCheck\Debug\link.3796-cvtres.read.1.tlog
D:\Research\報告\2010暑期訓練課程\TC2010_CH05\TC2010CH05_Form02\Controls-RadioCheck\Debug\link.3796-cvtres.write.1.tlog
D:\Research\報告\2010暑期訓練課程\TC2010_CH05\TC2010CH05_Form02\Controls-RadioCheck\Debug\link.command.1.tlog
D:\Research\報告\2010暑期訓練課程\TC2010_CH05\TC2010CH05_Form02\Controls-RadioCheck\Debug\link.read.1.tlog
D:\Research\報告\2010暑期訓練課程\TC2010_CH05\TC2010CH05_Form02\Controls-RadioCheck\Debug\link.write.1.tlog
D:\Research\報告\2010暑期訓練課程\TC2010_CH05\TC2010CH05_Form02\Controls-RadioCheck\Debug\mt.command.1.tlog
D:\Research\報告\2010暑期訓練課程\TC2010_CH05\TC2010CH05_Form02\Controls-RadioCheck\Debug\mt.read.1.tlog
D:\Research\報告\2010暑期訓練課程\TC2010_CH05\TC2010CH05_Form02\Controls-RadioCheck\Debug\mt.write.1.tlog
D:\Research\報告\2010暑期訓練課程\TC2010_CH05\TC2010CH05_Form02\Controls-RadioCheck\Debug\rc.command.1.tlog
D:\Research\報告\2010暑期訓練課程\TC2010_CH05\TC2010CH05_Form02\Controls-RadioCheck\Debug\rc.read.1.tlog
D:\Research\報告\2010暑期訓練課程\TC2010_CH05\TC2010CH05_Form02\Controls-RadioCheck\Debug\rc.write.1.tlog
D:\RESEARCH\報告\2010暑期訓練課程\TC2010_CH05\TC2010CH05_FORM02\CONTROLS-RADIOCHECK\DEBUG\STDAFX.OBJ
D:\RESEARCH\報告\2010暑期訓練課程\TC2010_CH05\TC2010CH05_FORM02\CONTROLS-RADIOCHECK\DEBUG\VC100.PDB
D:\RESEARCH\報告\2010暑期訓練課程\TC2010_CH05\TC2010CH05_FORM02\DEBUG\CONTROLS-RADIOCHECK.EXE
D:\RESEARCH\報告\2010暑期訓練課程\TC2010_CH05\TC2010CH05_FORM02\DEBUG\CONTROLS-RADIOCHECK.ILK
D:\RESEARCH\報告\2010暑期訓練課程\TC2010_CH05\TC2010CH05_FORM02\DEBUG\CONTROLS-RADIOCHECK.PDB
