D:\RESEARCH\報告\2010暑期訓練課程\TC2010_CH05\TC2010CH05_FORM02\DEBUG\SLEFDESIGNDIALOG.EXE
D:\RESEARCH\報告\2010暑期訓練課程\TC2010_CH05\TC2010CH05_FORM02\DEBUG\SLEFDESIGNDIALOG.ILK
D:\RESEARCH\報告\2010暑期訓練課程\TC2010_CH05\TC2010CH05_FORM02\DEBUG\SLEFDESIGNDIALOG.PDB
D:\RESEARCH\報告\2010暑期訓練課程\TC2010_CH05\TC2010CH05_FORM02\SLEFDESIGNDIALOG\DEBUG\.NETFRAMEWORK,VERSION=V4.0.ASSEMBLYATTRIBUTES.OBJ
D:\RESEARCH\報告\2010暑期訓練課程\TC2010_CH05\TC2010CH05_FORM02\SLEFDESIGNDIALOG\DEBUG\APP.RES
D:\RESEARCH\報告\2010暑期訓練課程\TC2010_CH05\TC2010CH05_FORM02\SLEFDESIGNDIALOG\DEBUG\ASSEMBLYINFO.OBJ
D:\Research\報告\2010暑期訓練課程\TC2010_CH05\TC2010CH05_Form02\SlefDesignDialog\Debug\cl.command.1.tlog
D:\Research\報告\2010暑期訓練課程\TC2010_CH05\TC2010CH05_Form02\SlefDesignDialog\Debug\CL.read.1.tlog
D:\Research\報告\2010暑期訓練課程\TC2010_CH05\TC2010CH05_Form02\SlefDesignDialog\Debug\CL.write.1.tlog
D:\Research\報告\2010暑期訓練課程\TC2010_CH05\TC2010CH05_Form02\SlefDesignDialog\Debug\GenerateResource.read.162.tlog
D:\Research\報告\2010暑期訓練課程\TC2010_CH05\TC2010CH05_Form02\SlefDesignDialog\Debug\GenerateResource.write.162.tlog
D:\Research\報告\2010暑期訓練課程\TC2010_CH05\TC2010CH05_Form02\SlefDesignDialog\Debug\link.4992.read.1.tlog
D:\Research\報告\2010暑期訓練課程\TC2010_CH05\TC2010CH05_Form02\SlefDesignDialog\Debug\link.4992.write.1.tlog
D:\Research\報告\2010暑期訓練課程\TC2010_CH05\TC2010CH05_Form02\SlefDesignDialog\Debug\link.4992-cvtres.read.1.tlog
D:\Research\報告\2010暑期訓練課程\TC2010_CH05\TC2010CH05_Form02\SlefDesignDialog\Debug\link.4992-cvtres.write.1.tlog
D:\Research\報告\2010暑期訓練課程\TC2010_CH05\TC2010CH05_Form02\SlefDesignDialog\Debug\link.command.1.tlog
D:\Research\報告\2010暑期訓練課程\TC2010_CH05\TC2010CH05_Form02\SlefDesignDialog\Debug\link.read.1.tlog
D:\Research\報告\2010暑期訓練課程\TC2010_CH05\TC2010CH05_Form02\SlefDesignDialog\Debug\link.write.1.tlog
D:\Research\報告\2010暑期訓練課程\TC2010_CH05\TC2010CH05_Form02\SlefDesignDialog\Debug\mt.command.1.tlog
D:\Research\報告\2010暑期訓練課程\TC2010_CH05\TC2010CH05_Form02\SlefDesignDialog\Debug\mt.read.1.tlog
D:\Research\報告\2010暑期訓練課程\TC2010_CH05\TC2010CH05_Form02\SlefDesignDialog\Debug\mt.write.1.tlog
D:\Research\報告\2010暑期訓練課程\TC2010_CH05\TC2010CH05_Form02\SlefDesignDialog\Debug\rc.command.1.tlog
D:\Research\報告\2010暑期訓練課程\TC2010_CH05\TC2010CH05_Form02\SlefDesignDialog\Debug\rc.read.1.tlog
D:\Research\報告\2010暑期訓練課程\TC2010_CH05\TC2010CH05_Form02\SlefDesignDialog\Debug\rc.write.1.tlog
D:\RESEARCH\報告\2010暑期訓練課程\TC2010_CH05\TC2010CH05_FORM02\SLEFDESIGNDIALOG\DEBUG\SELFDESIGNDLG.OBJ
D:\RESEARCH\報告\2010暑期訓練課程\TC2010_CH05\TC2010CH05_FORM02\SLEFDESIGNDIALOG\DEBUG\SLEFDESIGNDIALOG.EXE.INTERMEDIATE.MANIFEST
D:\RESEARCH\報告\2010暑期訓練課程\TC2010_CH05\TC2010CH05_FORM02\SLEFDESIGNDIALOG\DEBUG\SLEFDESIGNDIALOG.FORM1.RESOURCES
D:\RESEARCH\報告\2010暑期訓練課程\TC2010_CH05\TC2010CH05_FORM02\SLEFDESIGNDIALOG\DEBUG\SLEFDESIGNDIALOG.OBJ
D:\RESEARCH\報告\2010暑期訓練課程\TC2010_CH05\TC2010CH05_FORM02\SLEFDESIGNDIALOG\DEBUG\SLEFDESIGNDIALOG.PCH
D:\RESEARCH\報告\2010暑期訓練課程\TC2010_CH05\TC2010CH05_FORM02\SLEFDESIGNDIALOG\DEBUG\SLEFDESIGNDIALOG.SELFDESIGNDLG.RESOURCES
D:\Research\報告\2010暑期訓練課程\TC2010_CH05\TC2010CH05_Form02\SlefDesignDialog\Debug\SlefDesignDialog.write.1.tlog
D:\RESEARCH\報告\2010暑期訓練課程\TC2010_CH05\TC2010CH05_FORM02\SLEFDESIGNDIALOG\DEBUG\STDAFX.OBJ
D:\RESEARCH\報告\2010暑期訓練課程\TC2010_CH05\TC2010CH05_FORM02\SLEFDESIGNDIALOG\DEBUG\VC100.PDB
