D:\RESEARCH\報告\2010暑期訓練課程\TC2010_CH04\TC2010CH04_FORM01\DEBUG\01_HELLOWORLD.EXE
D:\RESEARCH\報告\2010暑期訓練課程\TC2010_CH04\TC2010CH04_FORM01\DEBUG\01_HELLOWORLD.ILK
D:\RESEARCH\報告\2010暑期訓練課程\TC2010_CH04\TC2010CH04_FORM01\DEBUG\01_HELLOWORLD.PDB
D:\RESEARCH\報告\2010暑期訓練課程\TC2010_CH04\TC2010CH04_FORM01\HELLOWORLD\DEBUG\.NETFRAMEWORK,VERSION=V4.0.ASSEMBLYATTRIBUTES.OBJ
D:\RESEARCH\報告\2010暑期訓練課程\TC2010_CH04\TC2010CH04_FORM01\HELLOWORLD\DEBUG\01_HELLOWORLD.EXE.INTERMEDIATE.MANIFEST
D:\RESEARCH\報告\2010暑期訓練課程\TC2010_CH04\TC2010CH04_FORM01\HELLOWORLD\DEBUG\01_HELLOWORLD.PCH
D:\Research\報告\2010暑期訓練課程\TC2010_CH04\TC2010CH04_Form01\HelloWorld\Debug\01_HelloWorld.write.1.tlog
D:\RESEARCH\報告\2010暑期訓練課程\TC2010_CH04\TC2010CH04_FORM01\HELLOWORLD\DEBUG\APP.RES
D:\RESEARCH\報告\2010暑期訓練課程\TC2010_CH04\TC2010CH04_FORM01\HELLOWORLD\DEBUG\ASSEMBLYINFO.OBJ
D:\Research\報告\2010暑期訓練課程\TC2010_CH04\TC2010CH04_Form01\HelloWorld\Debug\cl.command.1.tlog
D:\Research\報告\2010暑期訓練課程\TC2010_CH04\TC2010CH04_Form01\HelloWorld\Debug\CL.read.1.tlog
D:\Research\報告\2010暑期訓練課程\TC2010_CH04\TC2010CH04_Form01\HelloWorld\Debug\CL.write.1.tlog
D:\RESEARCH\報告\2010暑期訓練課程\TC2010_CH04\TC2010CH04_FORM01\HELLOWORLD\DEBUG\HELLOWORLD.OBJ
D:\Research\報告\2010暑期訓練課程\TC2010_CH04\TC2010CH04_Form01\HelloWorld\Debug\link.3696.read.1.tlog
D:\Research\報告\2010暑期訓練課程\TC2010_CH04\TC2010CH04_Form01\HelloWorld\Debug\link.3696.write.1.tlog
D:\Research\報告\2010暑期訓練課程\TC2010_CH04\TC2010CH04_Form01\HelloWorld\Debug\link.3696-cvtres.read.1.tlog
D:\Research\報告\2010暑期訓練課程\TC2010_CH04\TC2010CH04_Form01\HelloWorld\Debug\link.3696-cvtres.write.1.tlog
D:\Research\報告\2010暑期訓練課程\TC2010_CH04\TC2010CH04_Form01\HelloWorld\Debug\link.command.1.tlog
D:\Research\報告\2010暑期訓練課程\TC2010_CH04\TC2010CH04_Form01\HelloWorld\Debug\link.read.1.tlog
D:\Research\報告\2010暑期訓練課程\TC2010_CH04\TC2010CH04_Form01\HelloWorld\Debug\link.write.1.tlog
D:\Research\報告\2010暑期訓練課程\TC2010_CH04\TC2010CH04_Form01\HelloWorld\Debug\mt.command.1.tlog
D:\Research\報告\2010暑期訓練課程\TC2010_CH04\TC2010CH04_Form01\HelloWorld\Debug\mt.read.1.tlog
D:\Research\報告\2010暑期訓練課程\TC2010_CH04\TC2010CH04_Form01\HelloWorld\Debug\mt.write.1.tlog
D:\Research\報告\2010暑期訓練課程\TC2010_CH04\TC2010CH04_Form01\HelloWorld\Debug\rc.command.1.tlog
D:\Research\報告\2010暑期訓練課程\TC2010_CH04\TC2010CH04_Form01\HelloWorld\Debug\rc.read.1.tlog
D:\Research\報告\2010暑期訓練課程\TC2010_CH04\TC2010CH04_Form01\HelloWorld\Debug\rc.write.1.tlog
D:\RESEARCH\報告\2010暑期訓練課程\TC2010_CH04\TC2010CH04_FORM01\HELLOWORLD\DEBUG\STDAFX.OBJ
D:\RESEARCH\報告\2010暑期訓練課程\TC2010_CH04\TC2010CH04_FORM01\HELLOWORLD\DEBUG\VC100.PDB
