C:\USERS\SAMMY\DESKTOP\TC2010CH04_FORM01\DEBUG\HELLOWORLD.EXE
C:\USERS\SAMMY\DESKTOP\TC2010CH04_FORM01\DEBUG\HELLOWORLD.ILK
C:\USERS\SAMMY\DESKTOP\TC2010CH04_FORM01\DEBUG\HELLOWORLD.PDB
C:\USERS\SAMMY\DESKTOP\TC2010CH04_FORM01\HELLOWORLD\DEBUG\.NETFRAMEWORK,VERSION=V4.0.ASSEMBLYATTRIBUTES.OBJ
C:\USERS\SAMMY\DESKTOP\TC2010CH04_FORM01\HELLOWORLD\DEBUG\APP.RES
C:\USERS\SAMMY\DESKTOP\TC2010CH04_FORM01\HELLOWORLD\DEBUG\ASSEMBLYINFO.OBJ
C:\Users\Sammy\Desktop\TC2010CH04_Form01\HelloWorld\Debug\cl.command.1.tlog
C:\Users\Sammy\Desktop\TC2010CH04_Form01\HelloWorld\Debug\CL.read.1.tlog
C:\Users\Sammy\Desktop\TC2010CH04_Form01\HelloWorld\Debug\CL.write.1.tlog
C:\USERS\SAMMY\DESKTOP\TC2010CH04_FORM01\HELLOWORLD\DEBUG\HELLOWORLD.EXE.INTERMEDIATE.MANIFEST
C:\Users\Sammy\Desktop\TC2010CH04_Form01\HelloWorld\Debug\HelloWorld.obj
C:\USERS\SAMMY\DESKTOP\TC2010CH04_FORM01\HELLOWORLD\DEBUG\HELLOWORLD.PCH
C:\Users\Sammy\Desktop\TC2010CH04_Form01\HelloWorld\Debug\HelloWorld.write.1.tlog
C:\Users\Sammy\Desktop\TC2010CH04_Form01\HelloWorld\Debug\link.3020.read.1.tlog
C:\Users\Sammy\Desktop\TC2010CH04_Form01\HelloWorld\Debug\link.3020.write.1.tlog
C:\Users\Sammy\Desktop\TC2010CH04_Form01\HelloWorld\Debug\link.3020-cvtres.read.1.tlog
C:\Users\Sammy\Desktop\TC2010CH04_Form01\HelloWorld\Debug\link.3020-cvtres.write.1.tlog
C:\Users\Sammy\Desktop\TC2010CH04_Form01\HelloWorld\Debug\link.5692.read.1.tlog
C:\Users\Sammy\Desktop\TC2010CH04_Form01\HelloWorld\Debug\link.5692.write.1.tlog
C:\Users\Sammy\Desktop\TC2010CH04_Form01\HelloWorld\Debug\link.5692-cvtres.read.1.tlog
C:\Users\Sammy\Desktop\TC2010CH04_Form01\HelloWorld\Debug\link.5692-cvtres.write.1.tlog
C:\Users\Sammy\Desktop\TC2010CH04_Form01\HelloWorld\Debug\link.6996.read.1.tlog
C:\Users\Sammy\Desktop\TC2010CH04_Form01\HelloWorld\Debug\link.6996.write.1.tlog
C:\Users\Sammy\Desktop\TC2010CH04_Form01\HelloWorld\Debug\link.6996-cvtres.read.1.tlog
C:\Users\Sammy\Desktop\TC2010CH04_Form01\HelloWorld\Debug\link.6996-cvtres.write.1.tlog
C:\Users\Sammy\Desktop\TC2010CH04_Form01\HelloWorld\Debug\link.command.1.tlog
C:\Users\Sammy\Desktop\TC2010CH04_Form01\HelloWorld\Debug\link.read.1.tlog
C:\Users\Sammy\Desktop\TC2010CH04_Form01\HelloWorld\Debug\link.write.1.tlog
C:\Users\Sammy\Desktop\TC2010CH04_Form01\HelloWorld\Debug\mt.command.1.tlog
C:\Users\Sammy\Desktop\TC2010CH04_Form01\HelloWorld\Debug\mt.read.1.tlog
C:\Users\Sammy\Desktop\TC2010CH04_Form01\HelloWorld\Debug\mt.write.1.tlog
C:\Users\Sammy\Desktop\TC2010CH04_Form01\HelloWorld\Debug\rc.command.1.tlog
C:\Users\Sammy\Desktop\TC2010CH04_Form01\HelloWorld\Debug\rc.read.1.tlog
C:\Users\Sammy\Desktop\TC2010CH04_Form01\HelloWorld\Debug\rc.write.1.tlog
C:\USERS\SAMMY\DESKTOP\TC2010CH04_FORM01\HELLOWORLD\DEBUG\STDAFX.OBJ
C:\USERS\SAMMY\DESKTOP\TC2010CH04_FORM01\HELLOWORLD\DEBUG\VC100.PDB
