D:\RESEARCH\報告\2010暑期訓練課程\TC2010_CH04\TC2010CH04_FORM01\00_NET_DEMO_CPPCLI\DEBUG\.NETFRAMEWORK,VERSION=V4.0.ASSEMBLYATTRIBUTES.OBJ
D:\RESEARCH\報告\2010暑期訓練課程\TC2010_CH04\TC2010CH04_FORM01\00_NET_DEMO_CPPCLI\DEBUG\00_NET_DEMO_CPPCLI.EXE.INTERMEDIATE.MANIFEST
D:\RESEARCH\報告\2010暑期訓練課程\TC2010_CH04\TC2010CH04_FORM01\00_NET_DEMO_CPPCLI\DEBUG\00_NET_DEMO_CPPCLI.OBJ
D:\RESEARCH\報告\2010暑期訓練課程\TC2010_CH04\TC2010CH04_FORM01\00_NET_DEMO_CPPCLI\DEBUG\00_NET_DEMO_CPPCLI.PCH
D:\Research\報告\2010暑期訓練課程\TC2010_CH04\TC2010CH04_Form01\00_NET_DEMO_CPPCLI\Debug\00_NET_DEMO_CPPCLI.write.1.tlog
D:\RESEARCH\報告\2010暑期訓練課程\TC2010_CH04\TC2010CH04_FORM01\00_NET_DEMO_CPPCLI\DEBUG\APP.RES
D:\RESEARCH\報告\2010暑期訓練課程\TC2010_CH04\TC2010CH04_FORM01\00_NET_DEMO_CPPCLI\DEBUG\ASSEMBLYINFO.OBJ
D:\Research\報告\2010暑期訓練課程\TC2010_CH04\TC2010CH04_Form01\00_NET_DEMO_CPPCLI\Debug\cl.command.1.tlog
D:\Research\報告\2010暑期訓練課程\TC2010_CH04\TC2010CH04_Form01\00_NET_DEMO_CPPCLI\Debug\CL.read.1.tlog
D:\Research\報告\2010暑期訓練課程\TC2010_CH04\TC2010CH04_Form01\00_NET_DEMO_CPPCLI\Debug\CL.write.1.tlog
D:\Research\報告\2010暑期訓練課程\TC2010_CH04\TC2010CH04_Form01\00_NET_DEMO_CPPCLI\Debug\link.1528.read.1.tlog
D:\Research\報告\2010暑期訓練課程\TC2010_CH04\TC2010CH04_Form01\00_NET_DEMO_CPPCLI\Debug\link.1528.write.1.tlog
D:\Research\報告\2010暑期訓練課程\TC2010_CH04\TC2010CH04_Form01\00_NET_DEMO_CPPCLI\Debug\link.1528-cvtres.read.1.tlog
D:\Research\報告\2010暑期訓練課程\TC2010_CH04\TC2010CH04_Form01\00_NET_DEMO_CPPCLI\Debug\link.1528-cvtres.write.1.tlog
D:\Research\報告\2010暑期訓練課程\TC2010_CH04\TC2010CH04_Form01\00_NET_DEMO_CPPCLI\Debug\link.2452.read.1.tlog
D:\Research\報告\2010暑期訓練課程\TC2010_CH04\TC2010CH04_Form01\00_NET_DEMO_CPPCLI\Debug\link.2452.write.1.tlog
D:\Research\報告\2010暑期訓練課程\TC2010_CH04\TC2010CH04_Form01\00_NET_DEMO_CPPCLI\Debug\link.2452-cvtres.read.1.tlog
D:\Research\報告\2010暑期訓練課程\TC2010_CH04\TC2010CH04_Form01\00_NET_DEMO_CPPCLI\Debug\link.2452-cvtres.write.1.tlog
D:\Research\報告\2010暑期訓練課程\TC2010_CH04\TC2010CH04_Form01\00_NET_DEMO_CPPCLI\Debug\link.5388.read.1.tlog
D:\Research\報告\2010暑期訓練課程\TC2010_CH04\TC2010CH04_Form01\00_NET_DEMO_CPPCLI\Debug\link.5388.write.1.tlog
D:\Research\報告\2010暑期訓練課程\TC2010_CH04\TC2010CH04_Form01\00_NET_DEMO_CPPCLI\Debug\link.5388-cvtres.read.1.tlog
D:\Research\報告\2010暑期訓練課程\TC2010_CH04\TC2010CH04_Form01\00_NET_DEMO_CPPCLI\Debug\link.5388-cvtres.write.1.tlog
D:\Research\報告\2010暑期訓練課程\TC2010_CH04\TC2010CH04_Form01\00_NET_DEMO_CPPCLI\Debug\link.command.1.tlog
D:\Research\報告\2010暑期訓練課程\TC2010_CH04\TC2010CH04_Form01\00_NET_DEMO_CPPCLI\Debug\link.read.1.tlog
D:\Research\報告\2010暑期訓練課程\TC2010_CH04\TC2010CH04_Form01\00_NET_DEMO_CPPCLI\Debug\link.write.1.tlog
D:\Research\報告\2010暑期訓練課程\TC2010_CH04\TC2010CH04_Form01\00_NET_DEMO_CPPCLI\Debug\mt.command.1.tlog
D:\Research\報告\2010暑期訓練課程\TC2010_CH04\TC2010CH04_Form01\00_NET_DEMO_CPPCLI\Debug\mt.read.1.tlog
D:\Research\報告\2010暑期訓練課程\TC2010_CH04\TC2010CH04_Form01\00_NET_DEMO_CPPCLI\Debug\mt.write.1.tlog
D:\Research\報告\2010暑期訓練課程\TC2010_CH04\TC2010CH04_Form01\00_NET_DEMO_CPPCLI\Debug\rc.command.1.tlog
D:\Research\報告\2010暑期訓練課程\TC2010_CH04\TC2010CH04_Form01\00_NET_DEMO_CPPCLI\Debug\rc.read.1.tlog
D:\Research\報告\2010暑期訓練課程\TC2010_CH04\TC2010CH04_Form01\00_NET_DEMO_CPPCLI\Debug\rc.write.1.tlog
D:\RESEARCH\報告\2010暑期訓練課程\TC2010_CH04\TC2010CH04_FORM01\00_NET_DEMO_CPPCLI\DEBUG\STDAFX.OBJ
D:\RESEARCH\報告\2010暑期訓練課程\TC2010_CH04\TC2010CH04_FORM01\00_NET_DEMO_CPPCLI\DEBUG\VC100.PDB
D:\RESEARCH\報告\2010暑期訓練課程\TC2010_CH04\TC2010CH04_FORM01\DEBUG\00_NET_DEMO_CPPCLI.EXE
D:\RESEARCH\報告\2010暑期訓練課程\TC2010_CH04\TC2010CH04_FORM01\DEBUG\00_NET_DEMO_CPPCLI.ILK
D:\RESEARCH\報告\2010暑期訓練課程\TC2010_CH04\TC2010CH04_FORM01\DEBUG\00_NET_DEMO_CPPCLI.PDB
